Using pre-set license
Built from '2020.3/release' branch; Version is '2020.3.12f1 (b3b2c6512326) revision 11776710'; Using compiler version '192528614'; Build Type 'Release'
OS: 'Windows 10 Pro; OS build 19045.3570; Version 2009; 64bit' Language: 'ko' Physical Memory: 32706 MB
BatchMode: 1, IsHumanControllingUs: 0, StartBugReporterOnCrash: 0, Is64bit: 1, IsPro: 0

 COMMAND LINE ARGUMENTS:
C:\Program Files\Unity\Hub\Editor\2020.3.12f1\Editor\Unity.exe
-adb2
-batchMode
-noUpm
-name
AssetImportWorker0
-projectPath
C:/Users/serio/OneDrive/바탕 화면/ProjectSCC/SCCGithub/SweepyDungeon
-logFile
Logs/AssetImportWorker0.log
-srvPort
2649
Successfully changed project path to: C:/Users/serio/OneDrive/바탕 화면/ProjectSCC/SCCGithub/SweepyDungeon
C:/Users/serio/OneDrive/바탕 화면/ProjectSCC/SCCGithub/SweepyDungeon
Using Asset Import Pipeline V2.
Refreshing native plugins compatible for Editor in 41.79 ms, found 3 plugins.
Preloading 0 native plugins for Editor in 0.00 ms.
Initialize engine version: 2020.3.12f1 (b3b2c6512326)
[Subsystems] Discovering subsystems at path C:/Program Files/Unity/Hub/Editor/2020.3.12f1/Editor/Data/Resources/UnitySubsystems
[Subsystems] Discovering subsystems at path C:/Users/serio/OneDrive/바탕 화면/ProjectSCC/SCCGithub/SweepyDungeon/Assets
GfxDevice: creating device client; threaded=0
Direct3D:
    Version:  Direct3D 11.0 [level 11.1]
    Renderer: NVIDIA GeForce RTX 3060 Ti (ID=0x2489)
    Vendor:   
    VRAM:     8038 MB
    Driver:   31.0.15.3623
Initialize mono
Mono path[0] = 'C:/Program Files/Unity/Hub/Editor/2020.3.12f1/Editor/Data/Managed'
Mono path[1] = 'C:/Program Files/Unity/Hub/Editor/2020.3.12f1/Editor/Data/MonoBleedingEdge/lib/mono/unityjit'
Mono config path = 'C:/Program Files/Unity/Hub/Editor/2020.3.12f1/Editor/Data/MonoBleedingEdge/etc'
Using monoOptions --debugger-agent=transport=dt_socket,embedding=1,server=y,suspend=n,address=127.0.0.1:56880
Begin MonoManager ReloadAssembly
Registering precompiled unity dll's ...
Register platform support module: C:/Program Files/Unity/Hub/Editor/2020.3.12f1/Editor/Data/PlaybackEngines/WindowsStandaloneSupport/UnityEditor.WindowsStandalone.Extensions.dll
Registered in 0.003613 seconds.
Native extension for WindowsStandalone target not found
Refreshing native plugins compatible for Editor in 43.17 ms, found 3 plugins.
Preloading 0 native plugins for Editor in 0.00 ms.
Mono: successfully reloaded assembly
- Completed reload, in  2.738 seconds
Platform modules already initialized, skipping
Registering precompiled user dll's ...
Registered in 0.007808 seconds.
Begin MonoManager ReloadAssembly
Native extension for WindowsStandalone target not found
Refreshing native plugins compatible for Editor in 52.10 ms, found 3 plugins.
Preloading 0 native plugins for Editor in 0.00 ms.
Mono: successfully reloaded assembly
- Completed reload, in  1.280 seconds
Platform modules already initialized, skipping
========================================================================
Worker process is ready to serve import requests
Launched and connected shader compiler UnityShaderCompiler.exe after 0.05 seconds
Refreshing native plugins compatible for Editor in 0.42 ms, found 3 plugins.
Preloading 0 native plugins for Editor in 0.00 ms.
Unloading 2080 Unused Serialized files (Serialized files now loaded: 0)
System memory in use before: 95.4 MB.
System memory in use after: 95.4 MB.

Unloading 33 unused Assets to reduce memory usage. Loaded Objects now: 2513.
Total: 2.182500 ms (FindLiveObjects: 0.244600 ms CreateObjectMapping: 0.135300 ms MarkObjects: 1.679300 ms  DeleteObjects: 0.122000 ms)

AssetImportParameters requested are different than current active one (requested -> active):
  custom:framework-win-MediaFoundation: 216162199b28c13a410421893ffa2e32 -> 
  custom:video-decoder-ogg-theora: a1e56fd34408186e4bbccfd4996cb3dc -> 
  custom:container-muxer-webm: aa71ff27fc2769a1b78a27578f13a17b -> 
  custom:container-demuxer-webm: 4f35f7cbe854078d1ac9338744f61a02 -> 
  custom:container-demuxer-ogg: 62fdf1f143b41e24485cea50d1cbac27 -> 
  custom:video-encoder-webm-vp8: eb34c28f22e8b96e1ab97ce403110664 -> 
  custom:video-decoder-webm-vp8: 9c59270c3fd7afecdb556c50c9e8de78 -> 
  custom:audio-decoder-ogg-vorbis: bf7c407c2cedff20999df2af8eb42d56 -> 
  custom:audio-encoder-webm-vorbis: bf7c407c2cedff20999df2af8eb42d56 -> 
========================================================================
Received Import Request.
  path: Assets/Scenes
  artifactKey: Guid(151d32fe06f4a8e4aa82c87e1e625c14) Importer(815301076,1909f56bfc062723c751e8b465ee728b)
Start importing Assets/Scenes using Guid(151d32fe06f4a8e4aa82c87e1e625c14) Importer(815301076,1909f56bfc062723c751e8b465ee728b)  -> (artifact id: '2e03995c7d81a868ea2c1a38212afc91') in 0.014984 seconds 
  Import took 0.017919 seconds .

========================================================================
Received Import Request.
  Time since last request: 48.152968 seconds.
  path: Assets/asdf.unitypackage
  artifactKey: Guid(e2f48d980d5872c4ba2695440f9468d9) Importer(815301076,1909f56bfc062723c751e8b465ee728b)
Start importing Assets/asdf.unitypackage using Guid(e2f48d980d5872c4ba2695440f9468d9) Importer(815301076,1909f56bfc062723c751e8b465ee728b)  -> (artifact id: '2962a47dbe02dcce1d2265941aad5435') in 0.036633 seconds 
  Import took 0.039650 seconds .

========================================================================
Received Prepare
Registering precompiled user dll's ...
Registered in 0.007071 seconds.
Begin MonoManager ReloadAssembly
Native extension for WindowsStandalone target not found
Refreshing native plugins compatible for Editor in 0.43 ms, found 3 plugins.
Preloading 0 native plugins for Editor in 0.00 ms.
Mono: successfully reloaded assembly
- Completed reload, in  1.069 seconds
Platform modules already initialized, skipping
Refreshing native plugins compatible for Editor in 0.48 ms, found 3 plugins.
Preloading 0 native plugins for Editor in 0.00 ms.
Unloading 2129 Unused Serialized files (Serialized files now loaded: 0)
System memory in use before: 100.2 MB.
System memory in use after: 100.2 MB.

Unloading 21 unused Assets to reduce memory usage. Loaded Objects now: 2573.
Total: 1.926300 ms (FindLiveObjects: 0.189800 ms CreateObjectMapping: 0.082800 ms MarkObjects: 1.566800 ms  DeleteObjects: 0.086000 ms)

AssetImportParameters requested are different than current active one (requested -> active):
  custom:framework-win-MediaFoundation: 216162199b28c13a410421893ffa2e32 -> 
  custom:video-decoder-ogg-theora: a1e56fd34408186e4bbccfd4996cb3dc -> 
  custom:container-muxer-webm: aa71ff27fc2769a1b78a27578f13a17b -> 
  custom:container-demuxer-webm: 4f35f7cbe854078d1ac9338744f61a02 -> 
  custom:container-demuxer-ogg: 62fdf1f143b41e24485cea50d1cbac27 -> 
  custom:video-encoder-webm-vp8: eb34c28f22e8b96e1ab97ce403110664 -> 
  custom:video-decoder-webm-vp8: 9c59270c3fd7afecdb556c50c9e8de78 -> 
  custom:audio-decoder-ogg-vorbis: bf7c407c2cedff20999df2af8eb42d56 -> 
  custom:audio-encoder-webm-vorbis: bf7c407c2cedff20999df2af8eb42d56 -> 
========================================================================
Received Import Request.
  Time since last request: 59.545895 seconds.
  path: Assets/Resources
  artifactKey: Guid(29852c75b8aed5245ac5f4baa1f95d66) Importer(815301076,1909f56bfc062723c751e8b465ee728b)
Start importing Assets/Resources using Guid(29852c75b8aed5245ac5f4baa1f95d66) Importer(815301076,1909f56bfc062723c751e8b465ee728b)  -> (artifact id: '658ce4e1affaa2389227407320bffeb7') in 0.012130 seconds 
  Import took 0.015527 seconds .

========================================================================
Received Import Request.
  Time since last request: 0.011749 seconds.
  path: Assets/Resources
  artifactKey: Guid(29852c75b8aed5245ac5f4baa1f95d66) Importer(815301076,1909f56bfc062723c751e8b465ee728b)
Start importing Assets/Resources using Guid(29852c75b8aed5245ac5f4baa1f95d66) Importer(815301076,1909f56bfc062723c751e8b465ee728b)  -> (artifact id: '658ce4e1affaa2389227407320bffeb7') in 0.002705 seconds 
  Import took 0.006092 seconds .

========================================================================
Received Import Request.
  Time since last request: 0.793929 seconds.
  path: Assets/Resources/2 game.mp3
  artifactKey: Guid(8797f879230b0cd4dbf7cb548aef3696) Importer(815301076,1909f56bfc062723c751e8b465ee728b)
Start importing Assets/Resources/2 game.mp3 using Guid(8797f879230b0cd4dbf7cb548aef3696) Importer(815301076,1909f56bfc062723c751e8b465ee728b)  -> (artifact id: '58c54619d44626d8be3fd464bcc1fce0') in 0.078581 seconds 
  Import took 0.081743 seconds .

AssetImportWorkerClient::OnTransportError - code=2 error=End of file
